# JRE version: OpenJDK Runtime Environment Temurin-21.0.1+12 (21.0.1+12) (build 21.0.1+12-LTS)
# Java VM: OpenJDK 64-Bit Server VM Temurin-21.0.1+12 (21.0.1+12-LTS, mixed mode, emulated-client, sharing, tiered, compressed oops, compressed class ptrs, g1 gc, windows-amd64)
GC Precious Log:
 CardTable entry size: 512
 Card Set container configuration: InlinePtr #cards 4 size 8 Array Of Cards #cards 16 size 48 Howl #buckets 8 coarsen threshold 3686 Howl Bitmap #cards 512 size 80 coarsen threshold 460 Card regions per heap region 1 cards per card region 4096
 CPUs: 8 total, 8 available
 Memory: 16064M
 Large Page Support: Disabled
 NUMA Support: Disabled
 Compressed Oops: Enabled (Zero based)
 Heap Region Size: 2M
 Heap Min Capacity: 8M
 Heap Initial Capacity: 252M
 Heap Max Capacity: 4018M
 Pre-touch: Disabled
 Parallel Workers: 8
 Concurrent Workers: 2
 Concurrent Refinement Workers: 8
 Periodic GC: Disabled
Heap:
 garbage-first heap   total 75776K, used 39988K [0x0000000704e00000, 0x0000000800000000)
  region size 2048K, 12 young (24576K), 0 survivors (0K)
 Metaspace       used 36586K, committed 37248K, reserved 1114112K
  class space    used 4910K, committed 5184K, reserved 1048576K
GC Heap History (20 events):
Event: 1.048 GC heap before
{Heap before GC invocations=1 (full 0):
 garbage-first heap   total 258048K, used 33954K [0x0000000704e00000, 0x0000000800000000)
  region size 2048K, 16 young (32768K), 2 survivors (4096K)
 Metaspace       used 9980K, committed 10240K, reserved 1114112K
  class space    used 1178K, committed 1280K, reserved 1048576K
}
Event: 1.054 GC heap after
{Heap after GC invocations=2 (full 0):
 garbage-first heap   total 258048K, used 6714K [0x0000000704e00000, 0x0000000800000000)
  region size 2048K, 1 young (2048K), 1 survivors (2048K)
 Metaspace       used 9980K, committed 10240K, reserved 1114112K
  class space    used 1178K, committed 1280K, reserved 1048576K
}
Event: 1.437 GC heap before
{Heap before GC invocations=2 (full 0):
 garbage-first heap   total 258048K, used 49722K [0x0000000704e00000, 0x0000000800000000)
  region size 2048K, 24 young (49152K), 1 survivors (2048K)
 Metaspace       used 14667K, committed 15104K, reserved 1114112K
  class space    used 1930K, committed 2112K, reserved 1048576K
}
Event: 1.442 GC heap after
{Heap after GC invocations=3 (full 0):
 garbage-first heap   total 258048K, used 8692K [0x0000000704e00000, 0x0000000800000000)
  region size 2048K, 2 young (4096K), 2 survivors (4096K)
 Metaspace       used 14667K, committed 15104K, reserved 1114112K
  class space    used 1930K, committed 2112K, reserved 1048576K
}
Event: 1.566 GC heap before
{Heap before GC invocations=4 (full 0):
 garbage-first heap   total 49152K, used 45556K [0x0000000704e00000, 0x0000000800000000)
  region size 2048K, 21 young (43008K), 2 survivors (4096K)
 Metaspace       used 17909K, committed 18368K, reserved 1114112K
  class space    used 2293K, committed 2496K, reserved 1048576K
}
Event: 1.570 GC heap after
{Heap after GC invocations=5 (full 0):
 garbage-first heap   total 53248K, used 9425K [0x0000000704e00000, 0x0000000800000000)
  region size 2048K, 2 young (4096K), 2 survivors (4096K)
 Metaspace       used 17909K, committed 18368K, reserved 1114112K
  class space    used 2293K, committed 2496K, reserved 1048576K
}
Event: 1.639 GC heap before
{Heap before GC invocations=5 (full 0):
 garbage-first heap   total 53248K, used 34001K [0x0000000704e00000, 0x0000000800000000)
  region size 2048K, 15 young (30720K), 2 survivors (4096K)
 Metaspace       used 20046K, committed 20480K, reserved 1114112K
  class space    used 2591K, committed 2816K, reserved 1048576K
}
Event: 1.642 GC heap after
{Heap after GC invocations=6 (full 0):
 garbage-first heap   total 53248K, used 9739K [0x0000000704e00000, 0x0000000800000000)
  region size 2048K, 1 young (2048K), 1 survivors (2048K)
 Metaspace       used 20046K, committed 20480K, reserved 1114112K
  class space    used 2591K, committed 2816K, reserved 1048576K
}
Event: 1.811 GC heap before
{Heap before GC invocations=6 (full 0):
 garbage-first heap   total 53248K, used 38411K [0x0000000704e00000, 0x0000000800000000)
  region size 2048K, 15 young (30720K), 1 survivors (2048K)
 Metaspace       used 22159K, committed 22592K, reserved 1114112K
  class space    used 2897K, committed 3072K, reserved 1048576K
}
Event: 1.814 GC heap after
{Heap after GC invocations=7 (full 0):
 garbage-first heap   total 155648K, used 11429K [0x0000000704e00000, 0x0000000800000000)
  region size 2048K, 2 young (4096K), 2 survivors (4096K)
 Metaspace       used 22159K, committed 22592K, reserved 1114112K
  class space    used 2897K, committed 3072K, reserved 1048576K
}
Event: 2.179 GC heap before
{Heap before GC invocations=7 (full 0):
 garbage-first heap   total 155648K, used 54437K [0x0000000704e00000, 0x0000000800000000)
  region size 2048K, 25 young (51200K), 2 survivors (4096K)
 Metaspace       used 25094K, committed 25536K, reserved 1114112K
  class space    used 3315K, committed 3520K, reserved 1048576K
}
Event: 2.191 GC heap after
{Heap after GC invocations=8 (full 0):
 garbage-first heap   total 155648K, used 12847K [0x0000000704e00000, 0x0000000800000000)
  region size 2048K, 3 young (6144K), 3 survivors (6144K)
 Metaspace       used 25094K, committed 25536K, reserved 1114112K
  class space    used 3315K, committed 3520K, reserved 1048576K
}
Event: 2.746 GC heap before
{Heap before GC invocations=9 (full 0):
 garbage-first heap   total 55296K, used 39471K [0x0000000704e00000, 0x0000000800000000)
  region size 2048K, 16 young (32768K), 3 survivors (6144K)
 Metaspace       used 27381K, committed 27968K, reserved 1114112K
  class space    used 3630K, committed 3904K, reserved 1048576K
}
Event: 2.766 GC heap after
{Heap after GC invocations=10 (full 0):
 garbage-first heap   total 55296K, used 14664K [0x0000000704e00000, 0x0000000800000000)
  region size 2048K, 2 young (4096K), 2 survivors (4096K)
 Metaspace       used 27381K, committed 27968K, reserved 1114112K
  class space    used 3630K, committed 3904K, reserved 1048576K
}
Event: 3.288 GC heap before
{Heap before GC invocations=10 (full 0):
 garbage-first heap   total 55296K, used 43336K [0x0000000704e00000, 0x0000000800000000)
  region size 2048K, 16 young (32768K), 2 survivors (4096K)
 Metaspace       used 29863K, committed 30528K, reserved 1114112K
  class space    used 3987K, committed 4288K, reserved 1048576K
}
Event: 3.295 GC heap after
{Heap after GC invocations=11 (full 0):
 garbage-first heap   total 55296K, used 16469K [0x0000000704e00000, 0x0000000800000000)
  region size 2048K, 2 young (4096K), 2 survivors (4096K)
 Metaspace       used 29863K, committed 30528K, reserved 1114112K
  class space    used 3987K, committed 4288K, reserved 1048576K
}
Event: 14.369 GC heap before
{Heap before GC invocations=11 (full 0):
 garbage-first heap   total 55296K, used 45141K [0x0000000704e00000, 0x0000000800000000)
  region size 2048K, 16 young (32768K), 2 survivors (4096K)
 Metaspace       used 32437K, committed 33088K, reserved 1114112K
  class space    used 4362K, committed 4672K, reserved 1048576K
}
Event: 14.375 GC heap after
{Heap after GC invocations=12 (full 0):
 garbage-first heap   total 157696K, used 17711K [0x0000000704e00000, 0x0000000800000000)
  region size 2048K, 2 young (4096K), 2 survivors (4096K)
 Metaspace       used 32437K, committed 33088K, reserved 1114112K
  class space    used 4362K, committed 4672K, reserved 1048576K
}
Event: 446.303 GC heap before
{Heap before GC invocations=12 (full 0):
 garbage-first heap   total 157696K, used 64815K [0x0000000704e00000, 0x0000000800000000)
  region size 2048K, 27 young (55296K), 2 survivors (4096K)
 Metaspace       used 36577K, committed 37248K, reserved 1114112K
  class space    used 4908K, committed 5184K, reserved 1048576K
}
Event: 446.333 GC heap after
{Heap after GC invocations=13 (full 1):
 garbage-first heap   total 75776K, used 17460K [0x0000000704e00000, 0x0000000800000000)
  region size 2048K, 0 young (0K), 0 survivors (0K)
 Metaspace       used 36562K, committed 37248K, reserved 1114112K
  class space    used 4905K, committed 5184K, reserved 1048576K
}

